[debug] [2021-12-22T13:01:18.933Z] ----------------------------------------------------------------------
[debug] [2021-12-22T13:01:18.937Z] Command:       C:\Program Files\nodejs\node.exe C:\Users\Tradex\AppData\Roaming\npm\node_modules\firebase-tools\lib\bin\firebase.js init
[debug] [2021-12-22T13:01:18.937Z] CLI Version:   10.0.1
[debug] [2021-12-22T13:01:18.938Z] Platform:      win32
[debug] [2021-12-22T13:01:18.938Z] Node Version:  v17.2.0
[debug] [2021-12-22T13:01:18.939Z] Time:          Wed Dec 22 2021 18:01:18 GMT+0500 (Pakistan Standard Time)
[debug] [2021-12-22T13:01:18.939Z] ----------------------------------------------------------------------
[debug] 
[debug] [2021-12-22T13:01:19.005Z] > command requires scopes: ["email","openid","https://www.googleapis.com/auth/cloudplatformprojects.readonly","https://www.googleapis.com/auth/firebase","https://www.googleapis.com/auth/cloud-platform"]
[debug] [2021-12-22T13:01:19.006Z] > authorizing via signed-in user (malickawais8@gmail.com)
[info] 
     ######## #### ########  ######## ########     ###     ######  ########
     ##        ##  ##     ## ##       ##     ##  ##   ##  ##       ##
     ######    ##  ########  ######   ########  #########  ######  ######
     ##        ##  ##    ##  ##       ##     ## ##     ##       ## ##
     ##       #### ##     ## ######## ########  ##     ##  ######  ########

You're about to initialize a Firebase project in this directory:

  C:\Users\Tradex\Downloads\backup-pakflix

Before we get started, keep in mind:

  * You are initializing within an existing Firebase project directory

[info] 
=== Project Setup
[info] 
[info] First, let's associate this project directory with a Firebase project.
[info] You can create multiple project aliases by running firebase use --add, 
[info] but for now we'll just set up a default project.
[info] 
[debug] [2021-12-22T13:01:28.912Z] Using project from CLI flag: pakflix-development
[debug] [2021-12-22T13:01:28.915Z] > refreshing access token with scopes: []
[debug] [2021-12-22T13:01:28.916Z] >>> HTTP REQUEST POST https://www.googleapis.com/oauth2/v3/token  
 <request body omitted>
[debug] [2021-12-22T13:01:30.717Z] <<< HTTP RESPONSE 200 {"date":"Wed, 22 Dec 2021 13:01:31 GMT","pragma":"no-cache","cache-control":"no-cache, no-store, max-age=0, must-revalidate","expires":"Mon, 01 Jan 1990 00:00:00 GMT","content-type":"application/json; charset=utf-8","vary":"X-Origin, Referer, Origin,Accept-Encoding","server":"scaffolding on HTTPServer2","x-xss-protection":"0","x-frame-options":"SAMEORIGIN","x-content-type-options":"nosniff","alt-svc":"h3=\":443\"; ma=2592000,h3-29=\":443\"; ma=2592000,h3-Q050=\":443\"; ma=2592000,h3-Q046=\":443\"; ma=2592000,h3-Q043=\":443\"; ma=2592000,quic=\":443\"; ma=2592000; v=\"46,43\"","accept-ranges":"none","transfer-encoding":"chunked"}
[debug] [2021-12-22T13:01:30.749Z] >>> [apiv2][query] GET https://firebase.googleapis.com/v1beta1/projects/pakflix-development [none]
[debug] [2021-12-22T13:01:32.264Z] <<< [apiv2][status] GET https://firebase.googleapis.com/v1beta1/projects/pakflix-development 200
[debug] [2021-12-22T13:01:32.265Z] <<< [apiv2][body] GET https://firebase.googleapis.com/v1beta1/projects/pakflix-development {"projectId":"pakflix-development","projectNumber":"1096731409105","displayName":"Pakflix-Development","name":"projects/pakflix-development","resources":{"hostingSite":"pakflix-development","storageBucket":"pakflix-development.appspot.com","locationId":"us-central"},"state":"ACTIVE"}
[info] i  Using project pakflix-development (Pakflix-Development) 
[info] 
=== Hosting Setup
[info] 
[info] Your public directory is the folder (relative to your project directory) that
[info] will contain Hosting assets to be uploaded with firebase deploy. If you
[info] have a build process for your assets, use your build's output directory.
[info] 
[debug] [2021-12-22T13:02:00.654Z] >>> [apiv2][query] GET https://www.gstatic.com/firebasejs/releases.json [none]
[debug] [2021-12-22T13:02:02.016Z] <<< [apiv2][status] GET https://www.gstatic.com/firebasejs/releases.json 200
[debug] [2021-12-22T13:02:02.017Z] <<< [apiv2][body] GET https://www.gstatic.com/firebasejs/releases.json {"current":{"version":"9.6.1","browserURL":"https://www.gstatic.com/firebasejs/9.6.1/firebase.js","packageURL":"https://www.gstatic.com/firebasejs/9.6.1/firebase.tgz"},"live":{"version":"9.6","browserURL":"https://www.gstatic.com/firebasejs/live/9.6/firebase.js","packageURL":"https://www.gstatic.com/firebasejs/live/9.6/firebase.tgz"},"components":{"analytics":"https://www.gstatic.com/firebasejs/9.6.1/firebase-analytics.js","app":"https://www.gstatic.com/firebasejs/9.6.1/firebase-app.js","app-check":"https://www.gstatic.com/firebasejs/9.6.1/firebase-app-check.js","auth":"https://www.gstatic.com/firebasejs/9.6.1/firebase-auth.js","auth/cordova":"https://www.gstatic.com/firebasejs/9.6.1/firebase-auth/cordova.js","auth/react-native":"https://www.gstatic.com/firebasejs/9.6.1/firebase-auth/react-native.js","functions":"https://www.gstatic.com/firebasejs/9.6.1/firebase-functions.js","firestore":"https://www.gstatic.com/firebasejs/9.6.1/firebase-firestore.js","firestore/lite":"https://www.gstatic.com/firebasejs/9.6.1/firebase-firestore/lite.js","storage":"https://www.gstatic.com/firebasejs/9.6.1/firebase-storage.js","performance":"https://www.gstatic.com/firebasejs/9.6.1/firebase-performance.js","remote-config":"https://www.gstatic.com/firebasejs/9.6.1/firebase-remote-config.js","messaging":"https://www.gstatic.com/firebasejs/9.6.1/firebase-messaging.js","messaging/sw":"https://www.gstatic.com/firebasejs/9.6.1/firebase-messaging/sw.js","database":"https://www.gstatic.com/firebasejs/9.6.1/firebase-database.js","firestore.memory":"https://www.gstatic.com/firebasejs/9.6.1/firebase-firestore.memory.js"}}
[info] i  Skipping write of public/index.html 
[info] 
[info] i  Detected a .git folder at C:\Users\Tradex\Downloads\backup-pakflix 
[info] i  Authorizing with GitHub to upload your service account to a GitHub repository's secrets store. 
[info] 
[info] Visit this URL on this device to log in:
[info] https://github.com/login/oauth/authorize?client_id=89cf50f02ac6aaed3484&state=152952955&redirect_uri=http%3A%2F%2Flocalhost%3A9005&scope=read%3Auser%20repo%20public_repo
[info] 
[info] Waiting for authentication...
[debug] [2021-12-22T13:03:25.702Z] >>> HTTP REQUEST POST https://github.com/login/oauth/access_token  
 {"client_id":"89cf50f02ac6aaed3484","client_secret":"3330d14abc895d9a74d5f17cd7a00711fa2c5bf0","code":"153f8b3041b4046b50fc","redirect_uri":"http://localhost:9005","state":"152952955"}
[debug] [2021-12-22T13:03:26.418Z] <<< HTTP RESPONSE 200 {"server":"GitHub.com","date":"Wed, 22 Dec 2021 13:03:27 GMT","content-type":"application/json; charset=utf-8","transfer-encoding":"chunked","vary":"X-PJAX, X-PJAX-Container, Accept-Encoding, Accept, X-Requested-With","permissions-policy":"interest-cohort=()","etag":"W/\"a791c6f19a94d8fdb13298ef7a4850b9\"","cache-control":"max-age=0, private, must-revalidate","strict-transport-security":"max-age=31536000; includeSubdomains; preload","x-frame-options":"deny","x-content-type-options":"nosniff","x-xss-protection":"0","referrer-policy":"origin-when-cross-origin, strict-origin-when-cross-origin","expect-ct":"max-age=2592000, report-uri=\"https://api.github.com/_private/browser/errors\"","content-security-policy":"default-src 'none'; base-uri 'self'; block-all-mixed-content; child-src github.com/assets-cdn/worker/ gist.github.com/assets-cdn/worker/; connect-src 'self' uploads.github.com objects-origin.githubusercontent.com www.githubstatus.com collector.githubapp.com api.github.com github-cloud.s3.amazonaws.com github-production-repository-file-5c1aeb.s3.amazonaws.com github-production-upload-manifest-file-7fdce7.s3.amazonaws.com github-production-user-asset-6210df.s3.amazonaws.com cdn.optimizely.com logx.optimizely.com/v1/events translator.github.com wss://alive.github.com; font-src github.githubassets.com; form-action 'self' github.com gist.github.com objects-origin.githubusercontent.com; frame-ancestors 'none'; frame-src render.githubusercontent.com viewscreen.githubusercontent.com notebooks.githubusercontent.com; img-src 'self' data: github.githubassets.com identicons.github.com collector.githubapp.com github-cloud.s3.amazonaws.com secured-user-images.githubusercontent.com/ *.githubusercontent.com; manifest-src 'self'; media-src github.com user-images.githubusercontent.com/; script-src github.githubassets.com; style-src 'unsafe-inline' github.githubassets.com; worker-src github.com/assets-cdn/worker/ gist.github.com/assets-cdn/worker/","x-github-request-id":"C147:7837:C7EE5:17D491:61C3221E"}
[debug] [2021-12-22T13:03:26.430Z] >>> [apiv2][query] GET https://api.github.com/user [none]
[debug] [2021-12-22T13:03:27.150Z] <<< [apiv2][status] GET https://api.github.com/user 200
[debug] [2021-12-22T13:03:27.150Z] <<< [apiv2][body] GET https://api.github.com/user {"login":"malickawais","id":94162455,"node_id":"U_kgDOBZzOFw","avatar_url":"https://avatars.githubusercontent.com/u/94162455?v=4","gravatar_id":"","url":"https://api.github.com/users/malickawais","html_url":"https://github.com/malickawais","followers_url":"https://api.github.com/users/malickawais/followers","following_url":"https://api.github.com/users/malickawais/following{/other_user}","gists_url":"https://api.github.com/users/malickawais/gists{/gist_id}","starred_url":"https://api.github.com/users/malickawais/starred{/owner}{/repo}","subscriptions_url":"https://api.github.com/users/malickawais/subscriptions","organizations_url":"https://api.github.com/users/malickawais/orgs","repos_url":"https://api.github.com/users/malickawais/repos","events_url":"https://api.github.com/users/malickawais/events{/privacy}","received_events_url":"https://api.github.com/users/malickawais/received_events","type":"User","site_admin":false,"name":null,"company":null,"blog":"","location":null,"email":null,"hireable":null,"bio":null,"twitter_username":null,"public_repos":1,"public_gists":0,"followers":0,"following":0,"created_at":"2021-11-12T06:56:15Z","updated_at":"2021-12-21T12:29:39Z","private_gists":0,"total_private_repos":0,"owned_private_repos":0,"disk_usage":392,"collaborators":0,"two_factor_authentication":false,"plan":{"name":"free","space":976562499,"collaborators":0,"private_repos":10000}}
[info] 
[info] +  Success! Logged into GitHub as malickawais 
[info] 
